# JRE version: OpenJDK Runtime Environment (8.0_242-b01) (build 1.8.0_242-release-1644-b01)
# Java VM: OpenJDK 64-Bit Server VM (25.242-b01 mixed mode windows-amd64 compressed oops)
Heap:
 PSYoungGen      total 282624K, used 43400K [0x00000000d5580000, 0x00000000ec280000, 0x0000000100000000)
  eden space 245760K, 16% used [0x00000000d5580000,0x00000000d7d12380,0x00000000e4580000)
  from space 36864K, 7% used [0x00000000e4580000,0x00000000e4850000,0x00000000e6980000)
  to   space 37376K, 0% used [0x00000000e9e00000,0x00000000e9e00000,0x00000000ec280000)
 ParOldGen       total 173568K, used 92252K [0x0000000080000000, 0x000000008a980000, 0x00000000d5580000)
  object space 173568K, 53% used [0x0000000080000000,0x0000000085a173f0,0x000000008a980000)
 Metaspace       used 106838K, capacity 113566K, committed 113612K, reserved 1146880K
  class space    used 14017K, capacity 15343K, committed 15360K, reserved 1048576K
GC Heap History (10 events):
Event: 677.921 GC heap before
{Heap before GC invocations=33 (full 4):
 PSYoungGen      total 284672K, used 266005K [0x00000000d5580000, 0x00000000e8f80000, 0x0000000100000000)
  eden space 245760K, 100% used [0x00000000d5580000,0x00000000e4580000,0x00000000e4580000)
  from space 38912K, 52% used [0x00000000e6980000,0x00000000e7d45688,0x00000000e8f80000)
  to   space 36864K, 0% used [0x00000000e4580000,0x00000000e4580000,0x00000000e6980000)
 ParOldGen       total 173568K, used 68256K [0x0000000080000000, 0x000000008a980000, 0x00000000d5580000)
  object space 173568K, 39% used [0x0000000080000000,0x00000000842a8200,0x000000008a980000)
 Metaspace       used 106370K, capacity 113124K, committed 113356K, reserved 1146880K
  class space    used 14012K, capacity 15340K, committed 15360K, reserved 1048576K
Event: 677.937 GC heap after
Heap after GC invocations=33 (full 4):
 PSYoungGen      total 282624K, used 11302K [0x00000000d5580000, 0x00000000e8f80000, 0x0000000100000000)
  eden space 245760K, 0% used [0x00000000d5580000,0x00000000d5580000,0x00000000e4580000)
  from space 36864K, 30% used [0x00000000e4580000,0x00000000e5089950,0x00000000e6980000)
  to   space 38912K, 0% used [0x00000000e6980000,0x00000000e6980000,0x00000000e8f80000)
 ParOldGen       total 173568K, used 77037K [0x0000000080000000, 0x000000008a980000, 0x00000000d5580000)
  object space 173568K, 44% used [0x0000000080000000,0x0000000084b3b678,0x000000008a980000)
 Metaspace       used 106370K, capacity 113124K, committed 113356K, reserved 1146880K
  class space    used 14012K, capacity 15340K, committed 15360K, reserved 1048576K
}
Event: 678.243 GC heap before
{Heap before GC invocations=34 (full 4):
 PSYoungGen      total 282624K, used 257062K [0x00000000d5580000, 0x00000000e8f80000, 0x0000000100000000)
  eden space 245760K, 100% used [0x00000000d5580000,0x00000000e4580000,0x00000000e4580000)
  from space 36864K, 30% used [0x00000000e4580000,0x00000000e5089950,0x00000000e6980000)
  to   space 38912K, 0% used [0x00000000e6980000,0x00000000e6980000,0x00000000e8f80000)
 ParOldGen       total 173568K, used 77037K [0x0000000080000000, 0x000000008a980000, 0x00000000d5580000)
  object space 173568K, 44% used [0x0000000080000000,0x0000000084b3b678,0x000000008a980000)
 Metaspace       used 106624K, capacity 113360K, committed 113612K, reserved 1146880K
  class space    used 14016K, capacity 15342K, committed 15360K, reserved 1048576K
Event: 678.255 GC heap after
Heap after GC invocations=34 (full 4):
 PSYoungGen      total 284672K, used 4320K [0x00000000d5580000, 0x00000000e8f80000, 0x0000000100000000)
  eden space 245760K, 0% used [0x00000000d5580000,0x00000000d5580000,0x00000000e4580000)
  from space 38912K, 11% used [0x00000000e6980000,0x00000000e6db8010,0x00000000e8f80000)
  to   space 36864K, 0% used [0x00000000e4580000,0x00000000e4580000,0x00000000e6980000)
 ParOldGen       total 173568K, used 84256K [0x0000000080000000, 0x000000008a980000, 0x00000000d5580000)
  object space 173568K, 48% used [0x0000000080000000,0x0000000085248138,0x000000008a980000)
 Metaspace       used 106624K, capacity 113360K, committed 113612K, reserved 1146880K
  class space    used 14016K, capacity 15342K, committed 15360K, reserved 1048576K
}
Event: 678.536 GC heap before
{Heap before GC invocations=35 (full 4):
 PSYoungGen      total 284672K, used 250080K [0x00000000d5580000, 0x00000000e8f80000, 0x0000000100000000)
  eden space 245760K, 100% used [0x00000000d5580000,0x00000000e4580000,0x00000000e4580000)
  from space 38912K, 11% used [0x00000000e6980000,0x00000000e6db8010,0x00000000e8f80000)
  to   space 36864K, 0% used [0x00000000e4580000,0x00000000e4580000,0x00000000e6980000)
 ParOldGen       total 173568K, used 84256K [0x0000000080000000, 0x000000008a980000, 0x00000000d5580000)
  object space 173568K, 48% used [0x0000000080000000,0x0000000085248138,0x000000008a980000)
 Metaspace       used 106696K, capacity 113428K, committed 113612K, reserved 1146880K
  class space    used 14016K, capacity 15342K, committed 15360K, reserved 1048576K
Event: 678.550 GC heap after
Heap after GC invocations=35 (full 4):
 PSYoungGen      total 282624K, used 2784K [0x00000000d5580000, 0x00000000e8f80000, 0x0000000100000000)
  eden space 245760K, 0% used [0x00000000d5580000,0x00000000d5580000,0x00000000e4580000)
  from space 36864K, 7% used [0x00000000e4580000,0x00000000e4838000,0x00000000e6980000)
  to   space 38912K, 0% used [0x00000000e6980000,0x00000000e6980000,0x00000000e8f80000)
 ParOldGen       total 173568K, used 87832K [0x0000000080000000, 0x000000008a980000, 0x00000000d5580000)
  object space 173568K, 50% used [0x0000000080000000,0x00000000855c6398,0x000000008a980000)
 Metaspace       used 106696K, capacity 113428K, committed 113612K, reserved 1146880K
  class space    used 14016K, capacity 15342K, committed 15360K, reserved 1048576K
}
Event: 678.911 GC heap before
{Heap before GC invocations=36 (full 4):
 PSYoungGen      total 282624K, used 248544K [0x00000000d5580000, 0x00000000e8f80000, 0x0000000100000000)
  eden space 245760K, 100% used [0x00000000d5580000,0x00000000e4580000,0x00000000e4580000)
  from space 36864K, 7% used [0x00000000e4580000,0x00000000e4838000,0x00000000e6980000)
  to   space 38912K, 0% used [0x00000000e6980000,0x00000000e6980000,0x00000000e8f80000)
 ParOldGen       total 173568K, used 87832K [0x0000000080000000, 0x000000008a980000, 0x00000000d5580000)
  object space 173568K, 50% used [0x0000000080000000,0x00000000855c6398,0x000000008a980000)
 Metaspace       used 106721K, capacity 113492K, committed 113612K, reserved 1146880K
  class space    used 14016K, capacity 15342K, committed 15360K, reserved 1048576K
Event: 678.919 GC heap after
Heap after GC invocations=36 (full 4):
 PSYoungGen      total 284672K, used 3136K [0x00000000d5580000, 0x00000000e8f80000, 0x0000000100000000)
  eden space 245760K, 0% used [0x00000000d5580000,0x00000000d5580000,0x00000000e4580000)
  from space 38912K, 8% used [0x00000000e6980000,0x00000000e6c90000,0x00000000e8f80000)
  to   space 36864K, 0% used [0x00000000e4580000,0x00000000e4580000,0x00000000e6980000)
 ParOldGen       total 173568K, used 90296K [0x0000000080000000, 0x000000008a980000, 0x00000000d5580000)
  object space 173568K, 52% used [0x0000000080000000,0x000000008582e098,0x000000008a980000)
 Metaspace       used 106721K, capacity 113492K, committed 113612K, reserved 1146880K
  class space    used 14016K, capacity 15342K, committed 15360K, reserved 1048576K
}
Event: 679.308 GC heap before
{Heap before GC invocations=37 (full 4):
 PSYoungGen      total 284672K, used 248896K [0x00000000d5580000, 0x00000000e8f80000, 0x0000000100000000)
  eden space 245760K, 100% used [0x00000000d5580000,0x00000000e4580000,0x00000000e4580000)
  from space 38912K, 8% used [0x00000000e6980000,0x00000000e6c90000,0x00000000e8f80000)
  to   space 36864K, 0% used [0x00000000e4580000,0x00000000e4580000,0x00000000e6980000)
 ParOldGen       total 173568K, used 90296K [0x0000000080000000, 0x000000008a980000, 0x00000000d5580000)
  object space 173568K, 52% used [0x0000000080000000,0x000000008582e098,0x000000008a980000)
 Metaspace       used 106834K, capacity 113566K, committed 113612K, reserved 1146880K
  class space    used 14017K, capacity 15343K, committed 15360K, reserved 1048576K
Event: 679.315 GC heap after
Heap after GC invocations=37 (full 4):
 PSYoungGen      total 282624K, used 2880K [0x00000000d5580000, 0x00000000ec280000, 0x0000000100000000)
  eden space 245760K, 0% used [0x00000000d5580000,0x00000000d5580000,0x00000000e4580000)
  from space 36864K, 7% used [0x00000000e4580000,0x00000000e4850000,0x00000000e6980000)
  to   space 37376K, 0% used [0x00000000e9e00000,0x00000000e9e00000,0x00000000ec280000)
 ParOldGen       total 173568K, used 92252K [0x0000000080000000, 0x000000008a980000, 0x00000000d5580000)
  object space 173568K, 53% used [0x0000000080000000,0x0000000085a173f0,0x000000008a980000)
 Metaspace       used 106834K, capacity 113566K, committed 113612K, reserved 1146880K
  class space    used 14017K, capacity 15343K, committed 15360K, reserved 1048576K
}

