# JRE version: OpenJDK Runtime Environment (8.0_242-b01) (build 1.8.0_242-release-1644-b01)
# Java VM: OpenJDK 64-Bit Server VM (25.242-b01 mixed mode windows-amd64 compressed oops)
Heap:
 PSYoungGen      total 36352K, used 30372K [0x00000000d5580000, 0x00000000d8700000, 0x0000000100000000)
  eden space 30208K, 80% used [0x00000000d5580000,0x00000000d6d2d068,0x00000000d7300000)
  from space 6144K, 99% used [0x00000000d7380000,0x00000000d797c0b8,0x00000000d7980000)
  to   space 10240K, 0% used [0x00000000d7d00000,0x00000000d7d00000,0x00000000d8700000)
 ParOldGen       total 46080K, used 9157K [0x0000000080000000, 0x0000000082d00000, 0x00000000d5580000)
  object space 46080K, 19% used [0x0000000080000000,0x00000000808f1430,0x0000000082d00000)
 Metaspace       used 31789K, capacity 32524K, committed 32816K, reserved 1077248K
  class space    used 4322K, capacity 4542K, committed 4656K, reserved 1048576K
GC Heap History (10 events):
Event: 13.669 GC heap before
{Heap before GC invocations=6 (full 0):
 PSYoungGen      total 37888K, used 37435K [0x00000000d5580000, 0x00000000d8980000, 0x0000000100000000)
  eden space 32768K, 98% used [0x00000000d5580000,0x00000000d7512db8,0x00000000d7580000)
  from space 5120K, 99% used [0x00000000d7600000,0x00000000d7afc010,0x00000000d7b00000)
  to   space 10240K, 0% used [0x00000000d7f80000,0x00000000d7f80000,0x00000000d8980000)
 ParOldGen       total 87552K, used 7289K [0x0000000080000000, 0x0000000085580000, 0x00000000d5580000)
  object space 87552K, 8% used [0x0000000080000000,0x000000008071e660,0x0000000085580000)
 Metaspace       used 20601K, capacity 21224K, committed 21296K, reserved 1067008K
  class space    used 2883K, capacity 3084K, committed 3120K, reserved 1048576K
Event: 13.676 GC heap after
Heap after GC invocations=6 (full 0):
 PSYoungGen      total 41984K, used 8641K [0x00000000d5580000, 0x00000000d8b00000, 0x0000000100000000)
  eden space 31744K, 0% used [0x00000000d5580000,0x00000000d5580000,0x00000000d7480000)
  from space 10240K, 84% used [0x00000000d7f80000,0x00000000d87f0750,0x00000000d8980000)
  to   space 11264K, 0% used [0x00000000d7480000,0x00000000d7480000,0x00000000d7f80000)
 ParOldGen       total 87552K, used 7297K [0x0000000080000000, 0x0000000085580000, 0x00000000d5580000)
  object space 87552K, 8% used [0x0000000080000000,0x0000000080720660,0x0000000085580000)
 Metaspace       used 20601K, capacity 21224K, committed 21296K, reserved 1067008K
  class space    used 2883K, capacity 3084K, committed 3120K, reserved 1048576K
}
Event: 13.676 GC heap before
{Heap before GC invocations=7 (full 1):
 PSYoungGen      total 41984K, used 8641K [0x00000000d5580000, 0x00000000d8b00000, 0x0000000100000000)
  eden space 31744K, 0% used [0x00000000d5580000,0x00000000d5580000,0x00000000d7480000)
  from space 10240K, 84% used [0x00000000d7f80000,0x00000000d87f0750,0x00000000d8980000)
  to   space 11264K, 0% used [0x00000000d7480000,0x00000000d7480000,0x00000000d7f80000)
 ParOldGen       total 87552K, used 7297K [0x0000000080000000, 0x0000000085580000, 0x00000000d5580000)
  object space 87552K, 8% used [0x0000000080000000,0x0000000080720660,0x0000000085580000)
 Metaspace       used 20601K, capacity 21224K, committed 21296K, reserved 1067008K
  class space    used 2883K, capacity 3084K, committed 3120K, reserved 1048576K
Event: 13.706 GC heap after
Heap after GC invocations=7 (full 1):
 PSYoungGen      total 41984K, used 0K [0x00000000d5580000, 0x00000000d8b00000, 0x0000000100000000)
  eden space 31744K, 0% used [0x00000000d5580000,0x00000000d5580000,0x00000000d7480000)
  from space 10240K, 0% used [0x00000000d7f80000,0x00000000d7f80000,0x00000000d8980000)
  to   space 11264K, 0% used [0x00000000d7480000,0x00000000d7480000,0x00000000d7f80000)
 ParOldGen       total 46080K, used 9133K [0x0000000080000000, 0x0000000082d00000, 0x00000000d5580000)
  object space 46080K, 19% used [0x0000000080000000,0x00000000808eb430,0x0000000082d00000)
 Metaspace       used 20601K, capacity 21224K, committed 21296K, reserved 1067008K
  class space    used 2883K, capacity 3084K, committed 3120K, reserved 1048576K
}
Event: 14.599 GC heap before
{Heap before GC invocations=8 (full 1):
 PSYoungGen      total 41984K, used 31744K [0x00000000d5580000, 0x00000000d8b00000, 0x0000000100000000)
  eden space 31744K, 100% used [0x00000000d5580000,0x00000000d7480000,0x00000000d7480000)
  from space 10240K, 0% used [0x00000000d7f80000,0x00000000d7f80000,0x00000000d8980000)
  to   space 11264K, 0% used [0x00000000d7480000,0x00000000d7480000,0x00000000d7f80000)
 ParOldGen       total 46080K, used 9133K [0x0000000080000000, 0x0000000082d00000, 0x00000000d5580000)
  object space 46080K, 19% used [0x0000000080000000,0x00000000808eb430,0x0000000082d00000)
 Metaspace       used 22727K, capacity 23430K, committed 23728K, reserved 1069056K
  class space    used 3234K, capacity 3479K, committed 3504K, reserved 1048576K
Event: 14.602 GC heap after
Heap after GC invocations=8 (full 1):
 PSYoungGen      total 34304K, used 2924K [0x00000000d5580000, 0x00000000d8a00000, 0x0000000100000000)
  eden space 31232K, 0% used [0x00000000d5580000,0x00000000d5580000,0x00000000d7400000)
  from space 3072K, 95% used [0x00000000d7480000,0x00000000d775b0c0,0x00000000d7780000)
  to   space 11264K, 0% used [0x00000000d7f00000,0x00000000d7f00000,0x00000000d8a00000)
 ParOldGen       total 46080K, used 9141K [0x0000000080000000, 0x0000000082d00000, 0x00000000d5580000)
  object space 46080K, 19% used [0x0000000080000000,0x00000000808ed430,0x0000000082d00000)
 Metaspace       used 22727K, capacity 23430K, committed 23728K, reserved 1069056K
  class space    used 3234K, capacity 3479K, committed 3504K, reserved 1048576K
}
Event: 18.525 GC heap before
{Heap before GC invocations=9 (full 1):
 PSYoungGen      total 34304K, used 34156K [0x00000000d5580000, 0x00000000d8a00000, 0x0000000100000000)
  eden space 31232K, 100% used [0x00000000d5580000,0x00000000d7400000,0x00000000d7400000)
  from space 3072K, 95% used [0x00000000d7480000,0x00000000d775b0c0,0x00000000d7780000)
  to   space 11264K, 0% used [0x00000000d7f00000,0x00000000d7f00000,0x00000000d8a00000)
 ParOldGen       total 46080K, used 9141K [0x0000000080000000, 0x0000000082d00000, 0x00000000d5580000)
  object space 46080K, 19% used [0x0000000080000000,0x00000000808ed430,0x0000000082d00000)
 Metaspace       used 28222K, capacity 28912K, committed 29232K, reserved 1075200K
  class space    used 3898K, capacity 4127K, committed 4144K, reserved 1048576K
Event: 18.530 GC heap after
Heap after GC invocations=9 (full 1):
 PSYoungGen      total 40448K, used 6035K [0x00000000d5580000, 0x00000000d8880000, 0x0000000100000000)
  eden space 30720K, 0% used [0x00000000d5580000,0x00000000d5580000,0x00000000d7380000)
  from space 9728K, 62% used [0x00000000d7f00000,0x00000000d84e4ef8,0x00000000d8880000)
  to   space 10752K, 0% used [0x00000000d7380000,0x00000000d7380000,0x00000000d7e00000)
 ParOldGen       total 46080K, used 9149K [0x0000000080000000, 0x0000000082d00000, 0x00000000d5580000)
  object space 46080K, 19% used [0x0000000080000000,0x00000000808ef430,0x0000000082d00000)
 Metaspace       used 28222K, capacity 28912K, committed 29232K, reserved 1075200K
  class space    used 3898K, capacity 4127K, committed 4144K, reserved 1048576K
}
Event: 19.800 GC heap before
{Heap before GC invocations=10 (full 1):
 PSYoungGen      total 40448K, used 36755K [0x00000000d5580000, 0x00000000d8880000, 0x0000000100000000)
  eden space 30720K, 100% used [0x00000000d5580000,0x00000000d7380000,0x00000000d7380000)
  from space 9728K, 62% used [0x00000000d7f00000,0x00000000d84e4ef8,0x00000000d8880000)
  to   space 10752K, 0% used [0x00000000d7380000,0x00000000d7380000,0x00000000d7e00000)
 ParOldGen       total 46080K, used 9149K [0x0000000080000000, 0x0000000082d00000, 0x00000000d5580000)
  object space 46080K, 19% used [0x0000000080000000,0x00000000808ef430,0x0000000082d00000)
 Metaspace       used 30803K, capacity 31564K, committed 31792K, reserved 1077248K
  class space    used 4185K, capacity 4399K, committed 4400K, reserved 1048576K
Event: 19.804 GC heap after
Heap after GC invocations=10 (full 1):
 PSYoungGen      total 36352K, used 6128K [0x00000000d5580000, 0x00000000d8700000, 0x0000000100000000)
  eden space 30208K, 0% used [0x00000000d5580000,0x00000000d5580000,0x00000000d7300000)
  from space 6144K, 99% used [0x00000000d7380000,0x00000000d797c0b8,0x00000000d7980000)
  to   space 10240K, 0% used [0x00000000d7d00000,0x00000000d7d00000,0x00000000d8700000)
 ParOldGen       total 46080K, used 9157K [0x0000000080000000, 0x0000000082d00000, 0x00000000d5580000)
  object space 46080K, 19% used [0x0000000080000000,0x00000000808f1430,0x0000000082d00000)
 Metaspace       used 30803K, capacity 31564K, committed 31792K, reserved 1077248K
  class space    used 4185K, capacity 4399K, committed 4400K, reserved 1048576K
}

